<?xml version="1.0" encoding="UTF-8"?>
<testng-results skipped="0" failed="0" ignored="0" total="0" passed="0">
  <reporter-output>
  </reporter-output>
  <suite name="TF.HomeWork2.AppTest" duration-ms="4" started-at="2023-01-21T23:55:32Z" finished-at="2023-01-21T23:55:32Z">
    <groups>
    </groups>
    <test name="Command line test" duration-ms="4" started-at="2023-01-21T23:55:32Z" finished-at="2023-01-21T23:55:32Z">
    </test> <!-- Command line test -->
  </suite> <!-- TF.HomeWork2.AppTest -->
</testng-results>
